
10월 05, 2022 21:23:52.777 NEW SESSION
10월 05, 2022 21:23:52.777 [3240:11912:1005/212352.774:ERROR:device_event_log_impl.cc(214)] [21:23:52.774] Bluetooth: bluetooth_adapter_winrt.cc:1074 Getting Default Adapter failed.
10월 05, 2022 21:27:26.774 [1608:2476:1005/212726.774:ERROR:device_event_log_impl.cc(214)] [21:27:26.773] Bluetooth: bluetooth_adapter_winrt.cc:1074 Getting Default Adapter failed.
10월 05, 2022 21:29:19.833 [12776:13876:1005/212919.833:ERROR:device_event_log_impl.cc(214)] [21:29:19.833] Bluetooth: bluetooth_adapter_winrt.cc:1074 Getting Default Adapter failed.

10월 06, 2022 09:34:40.993 NEW SESSION
10월 06, 2022 09:34:40.993 [5792:9056:1006/093440.992:ERROR:device_event_log_impl.cc(214)] [09:34:40.991] Bluetooth: bluetooth_adapter_winrt.cc:1074 Getting Default Adapter failed.
10월 06, 2022 09:35:30.629 [1936:2388:1006/093530.629:ERROR:device_event_log_impl.cc(214)] [09:35:30.629] Bluetooth: bluetooth_adapter_winrt.cc:1074 Getting Default Adapter failed.

10월 06, 2022 09:37:11.473 NEW SESSION
10월 06, 2022 09:37:11.473 [4824:5040:1006/093711.472:ERROR:device_event_log_impl.cc(214)] [09:37:11.472] Bluetooth: bluetooth_adapter_winrt.cc:1074 Getting Default Adapter failed.
10월 06, 2022 09:40:07.175 [10916:11132:1006/094007.175:ERROR:device_event_log_impl.cc(214)] [09:40:07.175] Bluetooth: bluetooth_adapter_winrt.cc:1074 Getting Default Adapter failed.

10월 06, 2022 09:40:56.82 NEW SESSION
10월 06, 2022 09:40:56.82 [10000:7844:1006/094056.081:ERROR:device_event_log_impl.cc(214)] [09:40:56.081] Bluetooth: bluetooth_adapter_winrt.cc:1074 Getting Default Adapter failed.
10월 06, 2022 09:42:19.902 [2100:8868:1006/094219.902:ERROR:device_event_log_impl.cc(214)] [09:42:19.902] Bluetooth: bluetooth_adapter_winrt.cc:1074 Getting Default Adapter failed.
10월 06, 2022 09:44:35.341 [1352:3128:1006/094435.340:ERROR:device_event_log_impl.cc(214)] [09:44:35.340] Bluetooth: bluetooth_adapter_winrt.cc:1074 Getting Default Adapter failed.

10월 06, 2022 10:00:15.866 NEW SESSION
10월 06, 2022 10:00:15.866 [3748:2368:1006/100015.865:ERROR:device_event_log_impl.cc(214)] [10:00:15.865] Bluetooth: bluetooth_adapter_winrt.cc:1074 Getting Default Adapter failed.

10월 06, 2022 10:07:50.142 NEW SESSION
10월 06, 2022 10:07:50.142 [3796:4516:1006/100750.141:ERROR:device_event_log_impl.cc(214)] [10:07:50.141] Bluetooth: bluetooth_adapter_winrt.cc:1074 Getting Default Adapter failed.

10월 06, 2022 13:01:22.295 NEW SESSION
10월 06, 2022 13:01:22.295 [3980:7240:1006/130122.294:ERROR:device_event_log_impl.cc(214)] [13:01:22.294] Bluetooth: bluetooth_adapter_winrt.cc:1074 Getting Default Adapter failed.
10월 06, 2022 13:02:08.535 [10492:3784:1006/130208.535:ERROR:device_event_log_impl.cc(214)] [13:02:08.535] Bluetooth: bluetooth_adapter_winrt.cc:1074 Getting Default Adapter failed.
10월 06, 2022 13:08:48.681 [13248:4512:1006/130848.681:ERROR:device_event_log_impl.cc(214)] [13:08:48.681] Bluetooth: bluetooth_adapter_winrt.cc:1074 Getting Default Adapter failed.
10월 06, 2022 14:22:54.794 [13248:4512:1006/142254.794:ERROR:interface_endpoint_client.cc(689)] Message 3 rejected by interface blink.mojom.Widget
10월 06, 2022 14:22:54.794 [13248:4512:1006/142254.794:ERROR:interface_endpoint_client.cc(689)] Message 3 rejected by interface blink.mojom.Widget
10월 06, 2022 14:28:58.991 [13248:4512:1006/142858.990:ERROR:interface_endpoint_client.cc(689)] Message 5 rejected by interface blink.mojom.WidgetHost
10월 06, 2022 15:17:55.420 [13248:4512:1006/151755.420:ERROR:device_event_log_impl.cc(214)] [15:17:55.420] USB: usb_device_handle_win.cc:1048 Failed to read descriptor from node connection: 시스템에 부착된 장치가 작동하지 않습니다. (0x1F)
10월 06, 2022 15:17:55.421 [13248:4512:1006/151755.420:ERROR:device_event_log_impl.cc(214)] [15:17:55.421] USB: usb_device_handle_win.cc:1048 Failed to read descriptor from node connection: 없는 장치를 지정했습니다. (0x1B1)
10월 06, 2022 16:53:29.626 [6084:13340:1006/165329.625:ERROR:device_event_log_impl.cc(214)] [16:53:29.625] Bluetooth: bluetooth_adapter_winrt.cc:1074 Getting Default Adapter failed.
10월 06, 2022 16:55:06.32 [6740:12792:1006/165506.032:ERROR:device_event_log_impl.cc(214)] [16:55:06.032] Bluetooth: bluetooth_adapter_winrt.cc:1074 Getting Default Adapter failed.
10월 06, 2022 17:56:57.335 [6740:12792:1006/175657.335:ERROR:interface_endpoint_client.cc(689)] Message 1 rejected by interface blink.mojom.WidgetHost
10월 06, 2022 18:01:45.936 [7200:13996:1006/180145.936:ERROR:device_event_log_impl.cc(214)] [18:01:45.936] Bluetooth: bluetooth_adapter_winrt.cc:1074 Getting Default Adapter failed.
10월 06, 2022 18:41:23.200 [9808:4912:1006/184123.200:ERROR:device_event_log_impl.cc(214)] [18:41:23.200] Bluetooth: bluetooth_adapter_winrt.cc:1074 Getting Default Adapter failed.
10월 06, 2022 18:46:23.196 [11476:3776:1006/184623.196:ERROR:device_event_log_impl.cc(214)] [18:46:23.196] Bluetooth: bluetooth_adapter_winrt.cc:1074 Getting Default Adapter failed.
10월 06, 2022 19:11:07.132 [11476:3776:1006/191107.132:ERROR:usb_descriptors.cc(161)] Device descriptor parsing error.
10월 06, 2022 19:11:07.133 [11476:3776:1006/191107.132:ERROR:device_event_log_impl.cc(214)] [19:11:07.133] USB: usb_device_win.cc:96 Failed to read descriptors from \\?\usb#vid_1004&pid_633e#lmv409nca2c61e0#{a5dcbf10-6530-11d2-901f-00c04fb951ed}.
10월 06, 2022 19:11:10.737 [11476:3776:1006/191110.737:ERROR:device_event_log_impl.cc(214)] [19:11:10.737] USB: usb_device_handle_win.cc:1048 Failed to read descriptor from node connection: 시스템에 부착된 장치가 작동하지 않습니다. (0x1F)
10월 06, 2022 19:11:10.737 [11476:3776:1006/191110.737:ERROR:usb_descriptors.cc(141)] Failed to read length for configuration 1.
10월 06, 2022 19:11:10.737 [11476:3776:1006/191110.737:ERROR:device_event_log_impl.cc(214)] [19:11:10.737] USB: usb_device_handle_win.cc:1048 Failed to read descriptor from node connection: 없는 장치를 지정했습니다. (0x1B1)
10월 06, 2022 19:11:10.738 [11476:3776:1006/191110.737:ERROR:usb_descriptors.cc(117)] Failed to read configuration descriptor.
10월 06, 2022 19:11:10.738 [11476:3776:1006/191110.737:ERROR:usb_descriptors.cc(100)] Failed to read all configuration descriptors. Expected 2, got 0.
10월 06, 2022 19:11:10.738 [11476:3776:1006/191110.737:ERROR:device_event_log_impl.cc(214)] [19:11:10.737] USB: usb_device_win.cc:96 Failed to read descriptors from \\?\usb#vid_1004&pid_633e#lmv409nca2c61e0#{a5dcbf10-6530-11d2-901f-00c04fb951ed}.

10월 07, 2022 09:34:50.989 NEW SESSION
10월 07, 2022 09:34:50.989 [11832:2300:1007/093450.988:ERROR:device_event_log_impl.cc(214)] [09:34:50.988] Bluetooth: bluetooth_adapter_winrt.cc:1074 Getting Default Adapter failed.
10월 07, 2022 09:40:24.969 [10896:1804:1007/094024.968:ERROR:device_event_log_impl.cc(214)] [09:40:24.969] Bluetooth: bluetooth_adapter_winrt.cc:1074 Getting Default Adapter failed.

10월 07, 2022 09:41:10.929 NEW SESSION
10월 07, 2022 09:41:10.929 [3148:3140:1007/094110.928:ERROR:device_event_log_impl.cc(214)] [09:41:10.928] Bluetooth: bluetooth_adapter_winrt.cc:1074 Getting Default Adapter failed.

10월 07, 2022 09:43:49.243 NEW SESSION
10월 07, 2022 09:43:49.243 [1436:3148:1007/094349.242:ERROR:device_event_log_impl.cc(214)] [09:43:49.243] Bluetooth: bluetooth_adapter_winrt.cc:1074 Getting Default Adapter failed.
10월 07, 2022 10:09:20.489 [3788:2996:1007/100920.489:ERROR:device_event_log_impl.cc(214)] [10:09:20.489] Bluetooth: bluetooth_adapter_winrt.cc:1074 Getting Default Adapter failed.
10월 07, 2022 10:23:00.463 [13208:10184:1007/102300.463:ERROR:device_event_log_impl.cc(214)] [10:23:00.463] Bluetooth: bluetooth_adapter_winrt.cc:1074 Getting Default Adapter failed.

10월 07, 2022 10:30:58.408 NEW SESSION
10월 07, 2022 10:30:58.408 [11792:9436:1007/103058.407:ERROR:device_event_log_impl.cc(214)] [10:30:58.407] Bluetooth: bluetooth_adapter_winrt.cc:1074 Getting Default Adapter failed.
10월 07, 2022 10:47:17.946 [10876:8360:1007/104717.946:ERROR:device_event_log_impl.cc(214)] [10:47:17.947] Bluetooth: bluetooth_adapter_winrt.cc:1074 Getting Default Adapter failed.

10월 07, 2022 10:48:54.620 NEW SESSION
10월 07, 2022 10:48:54.620 [8388:6276:1007/104854.619:ERROR:device_event_log_impl.cc(214)] [10:48:54.619] Bluetooth: bluetooth_adapter_winrt.cc:1074 Getting Default Adapter failed.

10월 07, 2022 10:51:30.956 NEW SESSION
10월 07, 2022 10:51:30.956 [12600:12732:1007/105130.955:ERROR:device_event_log_impl.cc(214)] [10:51:30.955] Bluetooth: bluetooth_adapter_winrt.cc:1074 Getting Default Adapter failed.
10월 07, 2022 11:45:33.473 [12600:12732:1007/114533.473:ERROR:interface_endpoint_client.cc(689)] Message 0 rejected by interface blink.mojom.WidgetHost
10월 07, 2022 13:31:55.554 [libprotobuf ERROR ..\..\third_party\protobuf\src\google\protobuf\message_lite.cc:133] Can't parse message of type "safe_browsing.ClientDownloadRequest" because it is missing required fields: (cannot determine missing fields for lite message)
10월 07, 2022 13:32:13.772 [libprotobuf ERROR ..\..\third_party\protobuf\src\google\protobuf\message_lite.cc:133] Can't parse message of type "safe_browsing.ClientDownloadRequest" because it is missing required fields: (cannot determine missing fields for lite message)
10월 07, 2022 13:32:47.670 [libprotobuf ERROR ..\..\third_party\protobuf\src\google\protobuf\message_lite.cc:133] Can't parse message of type "safe_browsing.ClientDownloadRequest" because it is missing required fields: (cannot determine missing fields for lite message)
10월 07, 2022 13:33:34.621 [libprotobuf ERROR ..\..\third_party\protobuf\src\google\protobuf\message_lite.cc:133] Can't parse message of type "safe_browsing.ClientDownloadRequest" because it is missing required fields: (cannot determine missing fields for lite message)
10월 07, 2022 13:33:49.587 [libprotobuf ERROR ..\..\third_party\protobuf\src\google\protobuf\message_lite.cc:133] Can't parse message of type "safe_browsing.ClientDownloadRequest" because it is missing required fields: (cannot determine missing fields for lite message)
10월 07, 2022 13:34:19.552 [libprotobuf ERROR ..\..\third_party\protobuf\src\google\protobuf\message_lite.cc:133] Can't parse message of type "safe_browsing.ClientDownloadRequest" because it is missing required fields: (cannot determine missing fields for lite message)
10월 07, 2022 13:34:41.76 [libprotobuf ERROR ..\..\third_party\protobuf\src\google\protobuf\message_lite.cc:133] Can't parse message of type "safe_browsing.ClientDownloadRequest" because it is missing required fields: (cannot determine missing fields for lite message)
10월 07, 2022 13:34:46.772 [libprotobuf ERROR ..\..\third_party\protobuf\src\google\protobuf\message_lite.cc:133] Can't parse message of type "safe_browsing.ClientDownloadRequest" because it is missing required fields: (cannot determine missing fields for lite message)
10월 07, 2022 13:34:50.292 [libprotobuf ERROR ..\..\third_party\protobuf\src\google\protobuf\message_lite.cc:133] Can't parse message of type "safe_browsing.ClientDownloadRequest" because it is missing required fields: (cannot determine missing fields for lite message)
10월 07, 2022 13:34:56.253 [libprotobuf ERROR ..\..\third_party\protobuf\src\google\protobuf\message_lite.cc:133] Can't parse message of type "safe_browsing.ClientDownloadRequest" because it is missing required fields: (cannot determine missing fields for lite message)
10월 07, 2022 13:36:49.304 [libprotobuf ERROR ..\..\third_party\protobuf\src\google\protobuf\message_lite.cc:133] Can't parse message of type "safe_browsing.ClientDownloadRequest" because it is missing required fields: (cannot determine missing fields for lite message)

10월 07, 2022 15:59:41.148 NEW SESSION
10월 07, 2022 15:59:41.148 [1636:13004:1007/155941.147:ERROR:device_event_log_impl.cc(214)] [15:59:41.147] Bluetooth: bluetooth_adapter_winrt.cc:1074 Getting Default Adapter failed.
10월 07, 2022 15:59:45.948 [1636:13004:1007/155945.948:ERROR:usb_descriptors.cc(161)] Device descriptor parsing error.
10월 07, 2022 15:59:45.948 [1636:13004:1007/155945.948:ERROR:device_event_log_impl.cc(214)] [15:59:45.948] USB: usb_device_win.cc:96 Failed to read descriptors from \\?\usb#vid_1004&pid_633e#lmv409nca2c61e0#{a5dcbf10-6530-11d2-901f-00c04fb951ed}.
10월 07, 2022 15:59:54.717 [1636:13004:1007/155954.717:ERROR:usb_descriptors.cc(161)] Device descriptor parsing error.
10월 07, 2022 15:59:59.385 [1636:13004:1007/155959.385:ERROR:usb_descriptors.cc(161)] Device descriptor parsing error.
10월 07, 2022 16:00:07.48 [1636:13004:1007/160007.047:ERROR:usb_descriptors.cc(161)] Device descriptor parsing error.
10월 07, 2022 16:00:12.975 [1636:13004:1007/160012.975:ERROR:usb_descriptors.cc(161)] Device descriptor parsing error.
10월 07, 2022 16:00:18.741 [1636:13004:1007/160018.741:ERROR:device_event_log_impl.cc(214)] [16:00:18.741] USB: usb_device_handle_win.cc:1048 Failed to read descriptor from node connection: 시스템에 부착된 장치가 작동하지 않습니다. (0x1F)
10월 07, 2022 16:00:18.741 [1636:13004:1007/160018.741:ERROR:usb_descriptors.cc(117)] Failed to read configuration descriptor.
10월 07, 2022 16:00:18.742 [1636:13004:1007/160018.741:ERROR:usb_descriptors.cc(100)] Failed to read all configuration descriptors. Expected 2, got 1.
10월 07, 2022 16:00:18.742 [1636:13004:1007/160018.741:ERROR:device_event_log_impl.cc(214)] [16:00:18.741] USB: usb_device_win.cc:96 Failed to read descriptors from \\?\usb#vid_1004&pid_633e#lmv409nca2c61e0#{a5dcbf10-6530-11d2-901f-00c04fb951ed}.
10월 07, 2022 16:00:29.151 [1636:13004:1007/160029.151:ERROR:usb_descriptors.cc(161)] Device descriptor parsing error.
10월 07, 2022 16:23:03.682 [7932:1588:1007/162303.682:ERROR:device_event_log_impl.cc(214)] [16:23:03.682] Bluetooth: bluetooth_adapter_winrt.cc:1074 Getting Default Adapter failed.

10월 07, 2022 16:24:06.808 NEW SESSION
10월 07, 2022 16:24:06.808 [11260:2472:1007/162406.807:ERROR:device_event_log_impl.cc(214)] [16:24:06.808] Bluetooth: bluetooth_adapter_winrt.cc:1074 Getting Default Adapter failed.

10월 07, 2022 16:26:04.118 NEW SESSION
10월 07, 2022 16:26:04.118 [3696:7280:1007/162604.117:ERROR:device_event_log_impl.cc(214)] [16:26:04.118] Bluetooth: bluetooth_adapter_winrt.cc:1074 Getting Default Adapter failed.

10월 07, 2022 16:27:51.179 NEW SESSION
10월 07, 2022 16:27:51.179 [9116:9104:1007/162751.179:ERROR:device_event_log_impl.cc(214)] [16:27:51.178] Bluetooth: bluetooth_adapter_winrt.cc:1074 Getting Default Adapter failed.
10월 07, 2022 16:29:28.927 [3096:2612:1007/162928.926:ERROR:device_event_log_impl.cc(214)] [16:29:28.926] Bluetooth: bluetooth_adapter_winrt.cc:1074 Getting Default Adapter failed.
10월 07, 2022 16:30:47.940 [8672:744:1007/163047.939:ERROR:device_event_log_impl.cc(214)] [16:30:47.939] Bluetooth: bluetooth_adapter_winrt.cc:1074 Getting Default Adapter failed.
10월 07, 2022 16:30:50.640 [8672:744:1007/163050.640:ERROR:usb_descriptors.cc(161)] Device descriptor parsing error.
10월 07, 2022 16:30:50.640 [8672:744:1007/163050.640:ERROR:device_event_log_impl.cc(214)] [16:30:50.640] USB: usb_device_win.cc:96 Failed to read descriptors from \\?\usb#vid_1004&pid_633e#lmv409nca2c61e0#{a5dcbf10-6530-11d2-901f-00c04fb951ed}.
10월 07, 2022 16:36:23.437 [6136:7004:1007/163623.437:ERROR:device_event_log_impl.cc(214)] [16:36:23.437] Bluetooth: bluetooth_adapter_winrt.cc:1074 Getting Default Adapter failed.
10월 07, 2022 16:41:36.06 [10828:11256:1007/164136.006:ERROR:device_event_log_impl.cc(214)] [16:41:36.005] Bluetooth: bluetooth_adapter_winrt.cc:1074 Getting Default Adapter failed.
10월 07, 2022 16:44:23.325 [1928:11728:1007/164423.325:ERROR:device_event_log_impl.cc(214)] [16:44:23.325] Bluetooth: bluetooth_adapter_winrt.cc:1074 Getting Default Adapter failed.
10월 07, 2022 16:48:52.180 [13084:8584:1007/164852.180:ERROR:device_event_log_impl.cc(214)] [16:48:52.179] Bluetooth: bluetooth_adapter_winrt.cc:1074 Getting Default Adapter failed.
10월 07, 2022 16:51:10.696 [7824:2888:1007/165110.696:ERROR:device_event_log_impl.cc(214)] [16:51:10.697] Bluetooth: bluetooth_adapter_winrt.cc:1074 Getting Default Adapter failed.
10월 07, 2022 16:53:29.910 [3200:13052:1007/165329.910:ERROR:device_event_log_impl.cc(214)] [16:53:29.910] Bluetooth: bluetooth_adapter_winrt.cc:1074 Getting Default Adapter failed.

10월 08, 2022 13:43:21.384 NEW SESSION
10월 08, 2022 13:43:21.384 [6388:12252:1008/134321.381:ERROR:device_event_log_impl.cc(214)] [13:43:21.381] Bluetooth: bluetooth_adapter_winrt.cc:1074 Getting Default Adapter failed.
10월 08, 2022 15:09:17.487 [4876:9916:1008/150917.487:ERROR:device_event_log_impl.cc(214)] [15:09:17.488] Bluetooth: bluetooth_adapter_winrt.cc:1074 Getting Default Adapter failed.

10월 11, 2022 09:32:47.03 NEW SESSION
10월 11, 2022 09:32:47.03 [1720:12812:1011/093247.000:ERROR:device_event_log_impl.cc(214)] [09:32:47.001] Bluetooth: bluetooth_adapter_winrt.cc:1074 Getting Default Adapter failed.

10월 11, 2022 09:40:09.890 NEW SESSION
10월 11, 2022 09:40:09.890 [4592:7516:1011/094009.889:ERROR:device_event_log_impl.cc(214)] [09:40:09.889] Bluetooth: bluetooth_adapter_winrt.cc:1074 Getting Default Adapter failed.

10월 11, 2022 09:55:54.790 NEW SESSION
10월 11, 2022 09:55:54.790 [3740:1804:1011/095554.789:ERROR:device_event_log_impl.cc(214)] [09:55:54.789] Bluetooth: bluetooth_adapter_winrt.cc:1074 Getting Default Adapter failed.
10월 11, 2022 10:37:33.349 [268:3964:1011/103733.349:ERROR:device_event_log_impl.cc(214)] [10:37:33.350] Bluetooth: bluetooth_adapter_winrt.cc:1074 Getting Default Adapter failed.
10월 11, 2022 10:41:00.371 [268:3964:1011/104100.371:ERROR:device_event_log_impl.cc(214)] [10:41:00.370] USB: usb_service_win.cc:104 SetupDiGetDeviceProperty({{A45C254E-DF1C-4EFD-8020-67D146A850E0}, 6}) failed: 요소가 없습니다. (0x490)
10월 11, 2022 10:41:00.380 [268:3964:1011/104100.380:ERROR:device_event_log_impl.cc(214)] [10:41:00.379] USB: usb_service_win.cc:307 SetupDiEnumDeviceInterfaces: 사용 가능한 데이터가 없습니다. (0x103)
10월 11, 2022 11:00:29.203 [11956:12316:1011/110029.203:ERROR:device_event_log_impl.cc(214)] [11:00:29.202] Bluetooth: bluetooth_adapter_winrt.cc:1074 Getting Default Adapter failed.
10월 11, 2022 11:07:22.479 [6028:13272:1011/110722.479:ERROR:device_event_log_impl.cc(214)] [11:07:22.479] Bluetooth: bluetooth_adapter_winrt.cc:1074 Getting Default Adapter failed.
10월 11, 2022 11:08:36.883 [2516:1708:1011/110836.882:ERROR:device_event_log_impl.cc(214)] [11:08:36.883] Bluetooth: bluetooth_adapter_winrt.cc:1074 Getting Default Adapter failed.
10월 11, 2022 11:20:56.936 [2756:3048:1011/112056.936:ERROR:device_event_log_impl.cc(214)] [11:20:56.936] Bluetooth: bluetooth_adapter_winrt.cc:1074 Getting Default Adapter failed.
10월 11, 2022 14:43:36.690 [2756:3048:1011/144336.690:ERROR:device_event_log_impl.cc(214)] [14:43:36.689] USB: usb_service_win.cc:104 SetupDiGetDeviceProperty({{A45C254E-DF1C-4EFD-8020-67D146A850E0}, 6}) failed: 요소가 없습니다. (0x490)
10월 11, 2022 15:05:05.337 [2756:3048:1011/150505.337:ERROR:device_event_log_impl.cc(214)] [15:05:05.337] USB: usb_device_handle_win.cc:1048 Failed to read descriptor from node connection: 없는 장치를 지정했습니다. (0x1B1)
10월 11, 2022 15:05:05.338 [2756:3048:1011/150505.337:ERROR:usb_descriptors.cc(141)] Failed to read length for configuration 0.
10월 11, 2022 15:05:05.338 [2756:3048:1011/150505.337:ERROR:usb_descriptors.cc(141)] Failed to read length for configuration 1.
10월 11, 2022 15:05:05.338 [2756:3048:1011/150505.337:ERROR:usb_descriptors.cc(100)] Failed to read all configuration descriptors. Expected 2, got 0.
10월 11, 2022 15:05:05.338 [2756:3048:1011/150505.337:ERROR:device_event_log_impl.cc(214)] [15:05:05.337] USB: usb_device_win.cc:96 Failed to read descriptors from \\?\usb#vid_1004&pid_633e#lmv409nca2c61e0#{a5dcbf10-6530-11d2-901f-00c04fb951ed}.
10월 11, 2022 15:21:47.490 [2756:3048:1011/152147.489:ERROR:usb_descriptors.cc(161)] Device descriptor parsing error.
10월 11, 2022 15:21:47.491 [2756:3048:1011/152147.490:ERROR:device_event_log_impl.cc(214)] [15:21:47.489] USB: usb_device_win.cc:96 Failed to read descriptors from \\?\usb#vid_1004&pid_633e#lmv409nca2c61e0#{a5dcbf10-6530-11d2-901f-00c04fb951ed}.
10월 11, 2022 16:12:51.117 [2756:3048:1011/161251.116:ERROR:device_event_log_impl.cc(214)] [16:12:51.116] USB: usb_device_handle_win.cc:1048 Failed to read descriptor from node connection: 없는 장치를 지정했습니다. (0x1B1)
10월 11, 2022 16:17:31.180 [2756:3048:1011/161731.179:ERROR:usb_descriptors.cc(161)] Device descriptor parsing error.
10월 11, 2022 16:17:31.180 [2756:3048:1011/161731.179:ERROR:device_event_log_impl.cc(214)] [16:17:31.180] USB: usb_device_win.cc:96 Failed to read descriptors from \\?\usb#vid_1004&pid_633e#lmv409nca2c61e0#{a5dcbf10-6530-11d2-901f-00c04fb951ed}.
10월 11, 2022 16:20:58.75 [2756:3048:1011/162058.075:ERROR:usb_descriptors.cc(161)] Device descriptor parsing error.
10월 11, 2022 16:20:58.76 [2756:3048:1011/162058.075:ERROR:device_event_log_impl.cc(214)] [16:20:58.076] USB: usb_device_win.cc:96 Failed to read descriptors from \\?\usb#vid_1004&pid_633e#lmv409nca2c61e0#{a5dcbf10-6530-11d2-901f-00c04fb951ed}.
10월 11, 2022 16:53:51.740 [2756:3048:1011/165351.739:ERROR:device_event_log_impl.cc(214)] [16:53:51.740] USB: usb_device_handle_win.cc:1048 Failed to read descriptor from node connection: 없는 장치를 지정했습니다. (0x1B1)
10월 11, 2022 16:53:51.740 [2756:3048:1011/165351.739:ERROR:usb_descriptors.cc(141)] Failed to read length for configuration 0.
10월 11, 2022 16:53:51.740 [2756:3048:1011/165351.740:ERROR:usb_descriptors.cc(141)] Failed to read length for configuration 1.
10월 11, 2022 16:53:51.741 [2756:3048:1011/165351.740:ERROR:usb_descriptors.cc(100)] Failed to read all configuration descriptors. Expected 2, got 0.
10월 11, 2022 16:53:51.741 [2756:3048:1011/165351.740:ERROR:device_event_log_impl.cc(214)] [16:53:51.740] USB: usb_device_win.cc:96 Failed to read descriptors from \\?\usb#vid_1004&pid_633e#lmv409nca2c61e0#{a5dcbf10-6530-11d2-901f-00c04fb951ed}.
10월 11, 2022 17:45:36.403 [2756:3048:1011/174536.403:ERROR:usb_descriptors.cc(161)] Device descriptor parsing error.
10월 11, 2022 17:45:36.404 [2756:3048:1011/174536.403:ERROR:device_event_log_impl.cc(214)] [17:45:36.403] USB: usb_device_win.cc:96 Failed to read descriptors from \\?\usb#vid_1004&pid_633e#lmv409nca2c61e0#{a5dcbf10-6530-11d2-901f-00c04fb951ed}.
10월 11, 2022 18:12:26.670 [2756:3048:1011/181226.670:ERROR:usb_descriptors.cc(161)] Device descriptor parsing error.
10월 11, 2022 18:12:26.671 [2756:3048:1011/181226.670:ERROR:device_event_log_impl.cc(214)] [18:12:26.670] USB: usb_device_win.cc:96 Failed to read descriptors from \\?\usb#vid_1004&pid_633e#lmv409nca2c61e0#{a5dcbf10-6530-11d2-901f-00c04fb951ed}.

10월 12, 2022 09:47:11.844 NEW SESSION
10월 12, 2022 09:47:11.844 [4640:9984:1012/094711.843:ERROR:device_event_log_impl.cc(214)] [09:47:11.843] Bluetooth: bluetooth_adapter_winrt.cc:1074 Getting Default Adapter failed.
10월 12, 2022 09:49:05.29 [2160:9636:1012/094905.029:ERROR:device_event_log_impl.cc(214)] [09:49:05.029] Bluetooth: bluetooth_adapter_winrt.cc:1074 Getting Default Adapter failed.

10월 12, 2022 10:16:10.172 NEW SESSION
10월 12, 2022 10:16:10.172 [12228:10084:1012/101610.169:ERROR:device_event_log_impl.cc(214)] [10:16:10.170] Bluetooth: bluetooth_adapter_winrt.cc:1074 Getting Default Adapter failed.
10월 12, 2022 10:16:12.564 [12228:10084:1012/101612.564:ERROR:device_event_log_impl.cc(214)] [10:16:12.564] USB: usb_service_win.cc:104 SetupDiGetDeviceProperty({{A45C254E-DF1C-4EFD-8020-67D146A850E0}, 6}) failed: 요소가 없습니다. (0x490)
10월 12, 2022 10:35:51.731 [12228:10084:1012/103551.731:ERROR:interface_endpoint_client.cc(689)] Message 1 rejected by interface blink.mojom.WidgetHost
10월 12, 2022 10:37:11.613 [12228:10084:1012/103711.613:ERROR:interface_endpoint_client.cc(689)] Message 0 rejected by interface blink.mojom.WidgetHost

10월 12, 2022 11:08:23.727 NEW SESSION
10월 12, 2022 11:08:23.727 [9956:12224:1012/110823.727:ERROR:device_event_log_impl.cc(214)] [11:08:23.727] Bluetooth: bluetooth_adapter_winrt.cc:1074 Getting Default Adapter failed.

10월 12, 2022 11:10:26.767 NEW SESSION
10월 12, 2022 11:10:26.767 [12488:12784:1012/111026.767:ERROR:device_event_log_impl.cc(214)] [11:10:26.767] Bluetooth: bluetooth_adapter_winrt.cc:1074 Getting Default Adapter failed.
10월 12, 2022 11:16:49.575 [3220:11756:1012/111649.575:ERROR:device_event_log_impl.cc(214)] [11:16:49.575] Bluetooth: bluetooth_adapter_winrt.cc:1074 Getting Default Adapter failed.
10월 12, 2022 11:18:54.480 [5488:1800:1012/111854.480:ERROR:device_event_log_impl.cc(214)] [11:18:54.480] Bluetooth: bluetooth_adapter_winrt.cc:1074 Getting Default Adapter failed.
10월 12, 2022 11:22:13.284 [9640:13220:1012/112213.284:ERROR:device_event_log_impl.cc(214)] [11:22:13.284] Bluetooth: bluetooth_adapter_winrt.cc:1074 Getting Default Adapter failed.
10월 12, 2022 12:12:42.791 [1928:10852:1012/121242.790:ERROR:device_event_log_impl.cc(214)] [12:12:42.791] Bluetooth: bluetooth_adapter_winrt.cc:1074 Getting Default Adapter failed.
10월 12, 2022 12:13:27.175 [1412:12344:1012/121327.175:ERROR:device_event_log_impl.cc(214)] [12:13:27.175] Bluetooth: bluetooth_adapter_winrt.cc:1074 Getting Default Adapter failed.
10월 12, 2022 12:46:21.779 [9620:6380:1012/124621.779:ERROR:device_event_log_impl.cc(214)] [12:46:21.779] Bluetooth: bluetooth_adapter_winrt.cc:1074 Getting Default Adapter failed.
10월 12, 2022 12:49:15.597 [9864:11888:1012/124915.597:ERROR:device_event_log_impl.cc(214)] [12:49:15.597] Bluetooth: bluetooth_adapter_winrt.cc:1074 Getting Default Adapter failed.
10월 12, 2022 12:49:30.315 [9864:11888:1012/124930.315:ERROR:usb_descriptors.cc(161)] Device descriptor parsing error.
10월 12, 2022 12:49:30.315 [9864:11888:1012/124930.315:ERROR:device_event_log_impl.cc(214)] [12:49:30.315] USB: usb_device_win.cc:96 Failed to read descriptors from \\?\usb#vid_1004&pid_633e#lmv409nca2c61e0#{a5dcbf10-6530-11d2-901f-00c04fb951ed}.
10월 12, 2022 12:50:19.587 [9864:11888:1012/125019.587:ERROR:device_event_log_impl.cc(214)] [12:50:19.587] USB: usb_service_win.cc:104 SetupDiGetDeviceProperty({{A45C254E-DF1C-4EFD-8020-67D146A850E0}, 6}) failed: 요소가 없습니다. (0x490)
10월 12, 2022 12:51:07.514 [9864:11888:1012/125107.514:ERROR:usb_descriptors.cc(161)] Device descriptor parsing error.
10월 12, 2022 12:51:07.515 [9864:11888:1012/125107.514:ERROR:device_event_log_impl.cc(214)] [12:51:07.514] USB: usb_device_win.cc:96 Failed to read descriptors from \\?\usb#vid_1004&pid_633e#lmv409nca2c61e0#{a5dcbf10-6530-11d2-901f-00c04fb951ed}.

10월 12, 2022 15:13:40.109 NEW SESSION
10월 12, 2022 15:13:40.109 [4512:12656:1012/151340.105:ERROR:device_event_log_impl.cc(214)] [15:13:40.105] Bluetooth: bluetooth_adapter_winrt.cc:1074 Getting Default Adapter failed.
10월 12, 2022 15:34:38.584 [6848:6588:1012/153438.583:ERROR:device_event_log_impl.cc(214)] [15:34:38.584] Bluetooth: bluetooth_adapter_winrt.cc:1074 Getting Default Adapter failed.
10월 12, 2022 16:01:52.512 [6848:6588:1012/160152.512:ERROR:device_event_log_impl.cc(214)] [16:01:52.512] USB: usb_device_handle_win.cc:1048 Failed to read descriptor from node connection: 시스템에 부착된 장치가 작동하지 않습니다. (0x1F)
10월 12, 2022 16:01:52.512 [6848:6588:1012/160152.512:ERROR:usb_descriptors.cc(141)] Failed to read length for configuration 1.
10월 12, 2022 16:01:52.513 [6848:6588:1012/160152.512:ERROR:device_event_log_impl.cc(214)] [16:01:52.512] USB: usb_device_handle_win.cc:1048 Failed to read descriptor from node connection: 없는 장치를 지정했습니다. (0x1B1)
10월 12, 2022 16:01:52.513 [6848:6588:1012/160152.512:ERROR:usb_descriptors.cc(117)] Failed to read configuration descriptor.
10월 12, 2022 16:01:52.513 [6848:6588:1012/160152.512:ERROR:usb_descriptors.cc(100)] Failed to read all configuration descriptors. Expected 2, got 0.
10월 12, 2022 16:01:52.513 [6848:6588:1012/160152.512:ERROR:device_event_log_impl.cc(214)] [16:01:52.512] USB: usb_device_win.cc:96 Failed to read descriptors from \\?\usb#vid_1004&pid_633e#lmv409nca2c61e0#{a5dcbf10-6530-11d2-901f-00c04fb951ed}.
10월 12, 2022 16:05:32.38 [6848:6588:1012/160532.038:ERROR:usb_descriptors.cc(161)] Device descriptor parsing error.
10월 12, 2022 16:05:32.39 [6848:6588:1012/160532.038:ERROR:device_event_log_impl.cc(214)] [16:05:32.038] USB: usb_device_win.cc:96 Failed to read descriptors from \\?\usb#vid_1004&pid_633e#lmv409nca2c61e0#{a5dcbf10-6530-11d2-901f-00c04fb951ed}.
10월 12, 2022 16:05:45.491 [6848:6588:1012/160545.491:ERROR:usb_descriptors.cc(161)] Device descriptor parsing error.
10월 12, 2022 16:05:45.491 [6848:6588:1012/160545.491:ERROR:device_event_log_impl.cc(214)] [16:05:45.491] USB: usb_device_win.cc:96 Failed to read descriptors from \\?\usb#vid_1004&pid_633e#lmv409nca2c61e0#{a5dcbf10-6530-11d2-901f-00c04fb951ed}.
10월 12, 2022 16:06:06.313 [6848:6588:1012/160606.313:ERROR:device_event_log_impl.cc(214)] [16:06:06.313] USB: usb_device_handle_win.cc:1048 Failed to read descriptor from node connection: 없는 장치를 지정했습니다. (0x1B1)
10월 12, 2022 16:06:06.314 [6848:6588:1012/160606.313:ERROR:usb_descriptors.cc(117)] Failed to read configuration descriptor.
10월 12, 2022 16:06:06.314 [6848:6588:1012/160606.313:ERROR:usb_descriptors.cc(100)] Failed to read all configuration descriptors. Expected 2, got 1.
10월 12, 2022 16:06:06.314 [6848:6588:1012/160606.313:ERROR:device_event_log_impl.cc(214)] [16:06:06.313] USB: usb_device_win.cc:96 Failed to read descriptors from \\?\usb#vid_1004&pid_633e#lmv409nca2c61e0#{a5dcbf10-6530-11d2-901f-00c04fb951ed}.
10월 12, 2022 16:33:35.841 [6848:6588:1012/163335.841:ERROR:device_event_log_impl.cc(214)] [16:33:35.841] USB: usb_device_handle_win.cc:1048 Failed to read descriptor from node connection: 없는 장치를 지정했습니다. (0x1B1)
10월 12, 2022 16:34:03.34 [6848:6588:1012/163403.034:ERROR:usb_descriptors.cc(161)] Device descriptor parsing error.
10월 12, 2022 16:34:03.35 [6848:6588:1012/163403.034:ERROR:device_event_log_impl.cc(214)] [16:34:03.034] USB: usb_device_win.cc:96 Failed to read descriptors from \\?\usb#vid_1004&pid_633e#lmv409nca2c61e0#{a5dcbf10-6530-11d2-901f-00c04fb951ed}.
10월 12, 2022 16:38:34.370 [6848:6588:1012/163834.369:ERROR:device_event_log_impl.cc(214)] [16:38:34.370] USB: usb_device_handle_win.cc:1048 Failed to read descriptor from node connection: 스레드 종료 또는 응용 프로그램 요청 때문에 I/O 작업이 취소되었습니다. (0x3E3)
10월 12, 2022 16:38:34.370 [6848:6588:1012/163834.369:ERROR:usb_descriptors.cc(117)] Failed to read configuration descriptor.
10월 12, 2022 16:38:34.370 [6848:6588:1012/163834.369:ERROR:usb_descriptors.cc(100)] Failed to read all configuration descriptors. Expected 2, got 1.
10월 12, 2022 16:38:34.370 [6848:6588:1012/163834.370:ERROR:device_event_log_impl.cc(214)] [16:38:34.370] USB: usb_device_win.cc:96 Failed to read descriptors from \\?\usb#vid_1004&pid_633e#lmv409nca2c61e0#{a5dcbf10-6530-11d2-901f-00c04fb951ed}.
10월 12, 2022 16:45:00.428 [3176:944:1012/164500.428:ERROR:device_event_log_impl.cc(214)] [16:45:00.429] Bluetooth: bluetooth_adapter_winrt.cc:1074 Getting Default Adapter failed.
10월 12, 2022 17:18:55.491 [3176:944:1012/171855.491:ERROR:usb_descriptors.cc(161)] Device descriptor parsing error.
10월 12, 2022 17:18:55.492 [3176:944:1012/171855.491:ERROR:device_event_log_impl.cc(214)] [17:18:55.491] USB: usb_device_win.cc:96 Failed to read descriptors from \\?\usb#vid_1004&pid_633e#lmv409nca2c61e0#{a5dcbf10-6530-11d2-901f-00c04fb951ed}.
10월 12, 2022 17:19:00.997 [3176:944:1012/171900.997:ERROR:usb_descriptors.cc(161)] Device descriptor parsing error.
10월 12, 2022 17:19:00.997 [3176:944:1012/171900.997:ERROR:device_event_log_impl.cc(214)] [17:19:00.997] USB: usb_device_win.cc:96 Failed to read descriptors from \\?\usb#vid_1004&pid_633e#lmv409nca2c61e0#{a5dcbf10-6530-11d2-901f-00c04fb951ed}.

10월 12, 2022 17:49:03.651 NEW SESSION
10월 12, 2022 17:49:03.651 [8988:11652:1012/174903.650:ERROR:device_event_log_impl.cc(214)] [17:49:03.650] Bluetooth: bluetooth_adapter_winrt.cc:1074 Getting Default Adapter failed.
10월 12, 2022 17:51:54.795 [5468:4752:1012/175154.795:ERROR:device_event_log_impl.cc(214)] [17:51:54.794] Bluetooth: bluetooth_adapter_winrt.cc:1074 Getting Default Adapter failed.
10월 12, 2022 17:57:00.465 [6660:12960:1012/175700.465:ERROR:device_event_log_impl.cc(214)] [17:57:00.465] Bluetooth: bluetooth_adapter_winrt.cc:1074 Getting Default Adapter failed.

10월 12, 2022 18:07:14.769 NEW SESSION
10월 12, 2022 18:07:14.769 [5024:13184:1012/180714.768:ERROR:device_event_log_impl.cc(214)] [18:07:14.768] Bluetooth: bluetooth_adapter_winrt.cc:1074 Getting Default Adapter failed.

10월 13, 2022 09:38:18.964 NEW SESSION
10월 13, 2022 09:38:18.964 [9772:12204:1013/093818.963:ERROR:device_event_log_impl.cc(214)] [09:38:18.963] Bluetooth: bluetooth_adapter_winrt.cc:1074 Getting Default Adapter failed.
10월 13, 2022 09:49:48.143 [6804:9552:1013/094948.143:ERROR:device_event_log_impl.cc(214)] [09:49:48.144] Bluetooth: bluetooth_adapter_winrt.cc:1074 Getting Default Adapter failed.
10월 13, 2022 10:06:01.289 [32:4332:1013/100601.289:ERROR:device_event_log_impl.cc(214)] [10:06:01.289] Bluetooth: bluetooth_adapter_winrt.cc:1074 Getting Default Adapter failed.
10월 13, 2022 11:38:21.90 [32:4332:1013/113821.089:ERROR:usb_descriptors.cc(161)] Device descriptor parsing error.
10월 13, 2022 11:38:21.90 [32:4332:1013/113821.089:ERROR:device_event_log_impl.cc(214)] [11:38:21.090] USB: usb_device_win.cc:96 Failed to read descriptors from \\?\usb#vid_1004&pid_633e#lmv409nca2c61e0#{a5dcbf10-6530-11d2-901f-00c04fb951ed}.
10월 13, 2022 11:43:44.946 [11744:552:1013/114344.946:ERROR:device_event_log_impl.cc(214)] [11:43:44.945] Bluetooth: bluetooth_adapter_winrt.cc:1074 Getting Default Adapter failed.
10월 13, 2022 11:56:22.943 [9480:6516:1013/115622.943:ERROR:device_event_log_impl.cc(214)] [11:56:22.943] Bluetooth: bluetooth_adapter_winrt.cc:1074 Getting Default Adapter failed.
10월 13, 2022 12:30:14.256 [9480:6516:1013/123014.256:ERROR:interface_endpoint_client.cc(689)] Message 0 rejected by interface blink.mojom.WidgetHost
10월 13, 2022 12:31:08.923 [9480:6516:1013/123108.923:ERROR:device_event_log_impl.cc(214)] [12:31:08.924] USB: usb_device_handle_win.cc:1048 Failed to read descriptor from node connection: 시스템에 부착된 장치가 작동하지 않습니다. (0x1F)
10월 13, 2022 12:31:08.923 [9480:6516:1013/123108.923:ERROR:usb_descriptors.cc(117)] Failed to read configuration descriptor.
10월 13, 2022 12:31:08.923 [9480:6516:1013/123108.923:ERROR:usb_descriptors.cc(100)] Failed to read all configuration descriptors. Expected 2, got 1.
10월 13, 2022 12:31:08.924 [9480:6516:1013/123108.923:ERROR:device_event_log_impl.cc(214)] [12:31:08.924] USB: usb_device_win.cc:96 Failed to read descriptors from \\?\usb#vid_1004&pid_633e#lmv409nca2c61e0#{a5dcbf10-6530-11d2-901f-00c04fb951ed}.

10월 13, 2022 12:52:48.913 NEW SESSION
10월 13, 2022 12:52:48.913 [12512:12508:1013/125248.912:ERROR:device_event_log_impl.cc(214)] [12:52:48.911] Bluetooth: bluetooth_adapter_winrt.cc:1074 Getting Default Adapter failed.
10월 13, 2022 12:53:33.953 [12512:12508:1013/125333.953:ERROR:device_event_log_impl.cc(214)] [12:53:33.953] USB: usb_service_win.cc:104 SetupDiGetDeviceProperty({{A45C254E-DF1C-4EFD-8020-67D146A850E0}, 6}) failed: 요소가 없습니다. (0x490)
10월 13, 2022 12:57:27.114 [12512:12508:1013/125727.113:ERROR:interface_endpoint_client.cc(689)] Message 0 rejected by interface blink.mojom.WidgetHost

10월 13, 2022 13:07:29.860 NEW SESSION
10월 13, 2022 13:07:29.860 [8176:1340:1013/130729.859:ERROR:device_event_log_impl.cc(214)] [13:07:29.859] Bluetooth: bluetooth_adapter_winrt.cc:1074 Getting Default Adapter failed.
10월 13, 2022 13:12:18.75 [8176:1340:1013/131218.075:ERROR:device_event_log_impl.cc(214)] [13:12:18.076] USB: usb_device_handle_win.cc:1048 Failed to read descriptor from node connection: 시스템에 부착된 장치가 작동하지 않습니다. (0x1F)
10월 13, 2022 13:12:18.76 [8176:1340:1013/131218.075:ERROR:usb_descriptors.cc(117)] Failed to read configuration descriptor.
10월 13, 2022 13:12:18.76 [8176:1340:1013/131218.075:ERROR:usb_descriptors.cc(100)] Failed to read all configuration descriptors. Expected 2, got 1.
10월 13, 2022 13:12:18.76 [8176:1340:1013/131218.075:ERROR:device_event_log_impl.cc(214)] [13:12:18.076] USB: usb_device_win.cc:96 Failed to read descriptors from \\?\usb#vid_1004&pid_633e#lmv409nca2c61e0#{a5dcbf10-6530-11d2-901f-00c04fb951ed}.
10월 13, 2022 13:12:34.409 [8176:1340:1013/131234.409:ERROR:usb_descriptors.cc(161)] Device descriptor parsing error.
10월 13, 2022 13:12:34.409 [8176:1340:1013/131234.409:ERROR:device_event_log_impl.cc(214)] [13:12:34.409] USB: usb_device_win.cc:96 Failed to read descriptors from \\?\usb#vid_1004&pid_633e#lmv409nca2c61e0#{a5dcbf10-6530-11d2-901f-00c04fb951ed}.
10월 13, 2022 13:12:36.646 [8176:1340:1013/131236.645:ERROR:usb_descriptors.cc(161)] Device descriptor parsing error.
10월 13, 2022 13:12:46.426 [8176:1340:1013/131246.426:ERROR:usb_descriptors.cc(161)] Device descriptor parsing error.
10월 13, 2022 13:12:46.426 [8176:1340:1013/131246.426:ERROR:device_event_log_impl.cc(214)] [13:12:46.426] USB: usb_device_win.cc:96 Failed to read descriptors from \\?\usb#vid_1004&pid_633e#lmv409nca2c61e0#{a5dcbf10-6530-11d2-901f-00c04fb951ed}.
10월 13, 2022 14:18:56.125 [8176:1340:1013/141856.125:ERROR:usb_descriptors.cc(161)] Device descriptor parsing error.
10월 13, 2022 14:18:56.125 [8176:1340:1013/141856.125:ERROR:device_event_log_impl.cc(214)] [14:18:56.125] USB: usb_device_win.cc:96 Failed to read descriptors from \\?\usb#vid_1004&pid_633e#lmv409nca2c61e0#{a5dcbf10-6530-11d2-901f-00c04fb951ed}.
10월 13, 2022 14:21:24.463 [2916:1148:1013/142124.463:ERROR:device_event_log_impl.cc(214)] [14:21:24.462] Bluetooth: bluetooth_adapter_winrt.cc:1074 Getting Default Adapter failed.
10월 13, 2022 14:25:00.681 [2916:1148:1013/142500.681:ERROR:usb_descriptors.cc(161)] Device descriptor parsing error.
10월 13, 2022 14:25:00.682 [2916:1148:1013/142500.681:ERROR:device_event_log_impl.cc(214)] [14:25:00.681] USB: usb_device_win.cc:96 Failed to read descriptors from \\?\usb#vid_1004&pid_633e#lmv409nca2c61e0#{a5dcbf10-6530-11d2-901f-00c04fb951ed}.
10월 13, 2022 14:30:51.439 [2892:3236:1013/143051.438:ERROR:device_event_log_impl.cc(214)] [14:30:51.438] Bluetooth: bluetooth_adapter_winrt.cc:1074 Getting Default Adapter failed.
10월 13, 2022 14:36:43.192 [11376:10536:1013/143643.192:ERROR:device_event_log_impl.cc(214)] [14:36:43.191] Bluetooth: bluetooth_adapter_winrt.cc:1074 Getting Default Adapter failed.
10월 13, 2022 14:39:26.237 [13220:13208:1013/143926.237:ERROR:device_event_log_impl.cc(214)] [14:39:26.237] Bluetooth: bluetooth_adapter_winrt.cc:1074 Getting Default Adapter failed.
10월 13, 2022 14:43:13.543 [13220:13208:1013/144313.543:ERROR:device_event_log_impl.cc(214)] [14:43:13.542] USB: usb_device_handle_win.cc:1048 Failed to read descriptor from node connection: 스레드 종료 또는 응용 프로그램 요청 때문에 I/O 작업이 취소되었습니다. (0x3E3)
10월 13, 2022 14:43:13.546 [13220:13208:1013/144313.545:ERROR:device_event_log_impl.cc(214)] [14:43:13.545] USB: usb_device_handle_win.cc:1048 Failed to read descriptor from node connection: 없는 장치를 지정했습니다. (0x1B1)
10월 13, 2022 14:43:15.824 [13220:13208:1013/144315.824:ERROR:usb_descriptors.cc(161)] Device descriptor parsing error.
10월 13, 2022 14:43:15.825 [13220:13208:1013/144315.824:ERROR:device_event_log_impl.cc(214)] [14:43:15.823] USB: usb_device_win.cc:96 Failed to read descriptors from \\?\usb#vid_1004&pid_633e#lmv409nca2c61e0#{a5dcbf10-6530-11d2-901f-00c04fb951ed}.
10월 13, 2022 15:22:45.669 [13220:13208:1013/152245.669:ERROR:usb_descriptors.cc(161)] Device descriptor parsing error.
10월 13, 2022 15:22:45.669 [13220:13208:1013/152245.669:ERROR:device_event_log_impl.cc(214)] [15:22:45.670] USB: usb_device_win.cc:96 Failed to read descriptors from \\?\usb#vid_1004&pid_633e#lmv409nca2c61e0#{a5dcbf10-6530-11d2-901f-00c04fb951ed}.
10월 13, 2022 15:27:32.852 [9628:10304:1013/152732.851:ERROR:device_event_log_impl.cc(214)] [15:27:32.851] Bluetooth: bluetooth_adapter_winrt.cc:1074 Getting Default Adapter failed.
10월 13, 2022 15:31:18.396 [9628:10304:1013/153118.396:ERROR:device_event_log_impl.cc(214)] [15:31:18.396] USB: usb_service_win.cc:104 SetupDiGetDeviceProperty({{A45C254E-DF1C-4EFD-8020-67D146A850E0}, 6}) failed: 요소가 없습니다. (0x490)
10월 13, 2022 15:36:41.548 [9628:10304:1013/153641.548:ERROR:device_event_log_impl.cc(214)] [15:36:41.549] USB: usb_device_handle_win.cc:1048 Failed to read descriptor from node connection: 시스템에 부착된 장치가 작동하지 않습니다. (0x1F)
10월 13, 2022 15:36:41.549 [9628:10304:1013/153641.548:ERROR:usb_descriptors.cc(117)] Failed to read configuration descriptor.
10월 13, 2022 15:36:41.549 [9628:10304:1013/153641.548:ERROR:usb_descriptors.cc(100)] Failed to read all configuration descriptors. Expected 2, got 1.
10월 13, 2022 15:36:41.549 [9628:10304:1013/153641.548:ERROR:device_event_log_impl.cc(214)] [15:36:41.549] USB: usb_device_win.cc:96 Failed to read descriptors from \\?\usb#vid_1004&pid_633e#lmv409nca2c61e0#{a5dcbf10-6530-11d2-901f-00c04fb951ed}.
10월 13, 2022 15:46:34.150 [9628:10304:1013/154634.150:ERROR:device_event_log_impl.cc(214)] [15:46:34.150] USB: usb_device_handle_win.cc:1048 Failed to read descriptor from node connection: 시스템에 부착된 장치가 작동하지 않습니다. (0x1F)
10월 13, 2022 15:46:34.150 [9628:10304:1013/154634.150:ERROR:device_event_log_impl.cc(214)] [15:46:34.150] USB: usb_device_handle_win.cc:1048 Failed to read descriptor from node connection: 없는 장치를 지정했습니다. (0x1B1)
10월 13, 2022 15:46:49.738 [9628:10304:1013/154649.738:ERROR:usb_descriptors.cc(161)] Device descriptor parsing error.
10월 13, 2022 15:46:49.738 [9628:10304:1013/154649.738:ERROR:device_event_log_impl.cc(214)] [15:46:49.738] USB: usb_device_win.cc:96 Failed to read descriptors from \\?\usb#vid_1004&pid_633e#lmv409nca2c61e0#{a5dcbf10-6530-11d2-901f-00c04fb951ed}.
10월 13, 2022 15:46:54.492 [9628:10304:1013/154654.492:ERROR:device_event_log_impl.cc(214)] [15:46:54.491] USB: usb_device_handle_win.cc:1048 Failed to read descriptor from node connection: 없는 장치를 지정했습니다. (0x1B1)
10월 13, 2022 16:11:22.134 [9628:10304:1013/161122.134:ERROR:device_event_log_impl.cc(214)] [16:11:22.134] USB: usb_device_handle_win.cc:1048 Failed to read descriptor from node connection: 스레드 종료 또는 응용 프로그램 요청 때문에 I/O 작업이 취소되었습니다. (0x3E3)
10월 13, 2022 16:11:22.135 [9628:10304:1013/161122.135:ERROR:device_event_log_impl.cc(214)] [16:11:22.135] USB: usb_device_handle_win.cc:1048 Failed to read descriptor from node connection: 없는 장치를 지정했습니다. (0x1B1)
10월 13, 2022 16:11:22.494 [9628:10304:1013/161122.494:ERROR:usb_descriptors.cc(161)] Device descriptor parsing error.
10월 13, 2022 16:11:22.495 [9628:10304:1013/161122.494:ERROR:device_event_log_impl.cc(214)] [16:11:22.495] USB: usb_device_win.cc:96 Failed to read descriptors from \\?\usb#vid_1004&pid_633e#lmv409nca2c61e0#{a5dcbf10-6530-11d2-901f-00c04fb951ed}.
10월 13, 2022 16:14:25.672 [9628:10304:1013/161425.672:ERROR:device_event_log_impl.cc(214)] [16:14:25.672] USB: usb_device_handle_win.cc:1048 Failed to read descriptor from node connection: 시스템에 부착된 장치가 작동하지 않습니다. (0x1F)
10월 13, 2022 16:14:25.673 [9628:10304:1013/161425.672:ERROR:device_event_log_impl.cc(214)] [16:14:25.672] USB: usb_device_handle_win.cc:1048 Failed to read descriptor from node connection: 없는 장치를 지정했습니다. (0x1B1)
10월 13, 2022 16:20:02.991 [12928:12604:1013/162002.991:ERROR:device_event_log_impl.cc(214)] [16:20:02.991] Bluetooth: bluetooth_adapter_winrt.cc:1074 Getting Default Adapter failed.

10월 13, 2022 16:29:52.667 NEW SESSION
10월 13, 2022 16:29:52.667 [13148:13184:1013/162952.666:ERROR:device_event_log_impl.cc(214)] [16:29:52.667] Bluetooth: bluetooth_adapter_winrt.cc:1074 Getting Default Adapter failed.
10월 13, 2022 16:32:07.810 [13148:13184:1013/163207.810:ERROR:interface_endpoint_client.cc(689)] Message 1 rejected by interface blink.mojom.WidgetHost
10월 13, 2022 16:46:33.497 [13148:13184:1013/164633.496:ERROR:usb_descriptors.cc(161)] Device descriptor parsing error.
10월 13, 2022 16:46:33.497 [13148:13184:1013/164633.496:ERROR:device_event_log_impl.cc(214)] [16:46:33.496] USB: usb_device_win.cc:96 Failed to read descriptors from \\?\usb#vid_1004&pid_633e#lmv409nca2c61e0#{a5dcbf10-6530-11d2-901f-00c04fb951ed}.
10월 13, 2022 16:53:57.514 [13148:13184:1013/165357.514:ERROR:usb_descriptors.cc(161)] Device descriptor parsing error.
10월 13, 2022 16:53:57.515 [13148:13184:1013/165357.514:ERROR:device_event_log_impl.cc(214)] [16:53:57.513] USB: usb_device_win.cc:96 Failed to read descriptors from \\?\usb#vid_1004&pid_633e#lmv409nca2c61e0#{a5dcbf10-6530-11d2-901f-00c04fb951ed}.
10월 13, 2022 16:53:59.193 [13148:13184:1013/165359.193:ERROR:device_event_log_impl.cc(214)] [16:53:59.192] USB: usb_device_handle_win.cc:1048 Failed to read descriptor from node connection: 시스템에 부착된 장치가 작동하지 않습니다. (0x1F)
10월 13, 2022 16:53:59.193 [13148:13184:1013/165359.193:ERROR:usb_descriptors.cc(117)] Failed to read configuration descriptor.
10월 13, 2022 16:53:59.193 [13148:13184:1013/165359.193:ERROR:usb_descriptors.cc(100)] Failed to read all configuration descriptors. Expected 2, got 1.
10월 13, 2022 16:53:59.193 [13148:13184:1013/165359.193:ERROR:device_event_log_impl.cc(214)] [16:53:59.192] USB: usb_device_win.cc:96 Failed to read descriptors from \\?\usb#vid_1004&pid_633e#lmv409nca2c61e0#{a5dcbf10-6530-11d2-901f-00c04fb951ed}.
10월 13, 2022 17:20:04.532 [13268:10628:1013/172004.532:ERROR:device_event_log_impl.cc(214)] [17:20:04.531] Bluetooth: bluetooth_adapter_winrt.cc:1074 Getting Default Adapter failed.

10월 13, 2022 17:40:29.146 NEW SESSION
10월 13, 2022 17:40:29.146 [7920:512:1013/174029.145:ERROR:device_event_log_impl.cc(214)] [17:40:29.144] Bluetooth: bluetooth_adapter_winrt.cc:1074 Getting Default Adapter failed.
10월 13, 2022 17:45:34.961 [3160:9004:1013/174534.960:ERROR:device_event_log_impl.cc(214)] [17:45:34.961] Bluetooth: bluetooth_adapter_winrt.cc:1074 Getting Default Adapter failed.

10월 14, 2022 16:10:03.825 NEW SESSION
10월 14, 2022 16:10:03.825 [2648:12748:1014/161003.823:ERROR:device_event_log_impl.cc(214)] [16:10:03.823] Bluetooth: bluetooth_adapter_winrt.cc:1074 Getting Default Adapter failed.
10월 14, 2022 16:34:59.623 [2648:12748:1014/163459.623:ERROR:usb_descriptors.cc(161)] Device descriptor parsing error.
10월 14, 2022 16:34:59.624 [2648:12748:1014/163459.623:ERROR:device_event_log_impl.cc(214)] [16:34:59.623] USB: usb_device_win.cc:96 Failed to read descriptors from \\?\usb#vid_1004&pid_633e#lmv409nca2c61e0#{a5dcbf10-6530-11d2-901f-00c04fb951ed}.
10월 14, 2022 16:51:05.750 [2648:12748:1014/165105.750:ERROR:usb_descriptors.cc(161)] Device descriptor parsing error.
10월 14, 2022 16:51:05.750 [2648:12748:1014/165105.750:ERROR:device_event_log_impl.cc(214)] [16:51:05.749] USB: usb_device_win.cc:96 Failed to read descriptors from \\?\usb#vid_1004&pid_633e#lmv409nca2c61e0#{a5dcbf10-6530-11d2-901f-00c04fb951ed}.
10월 14, 2022 17:32:22.477 [2648:12748:1014/173222.477:ERROR:interface_endpoint_client.cc(689)] Message 1 rejected by interface blink.mojom.WidgetHost
10월 14, 2022 17:32:22.531 [2648:12748:1014/173222.531:ERROR:interface_endpoint_client.cc(689)] Message 0 rejected by interface blink.mojom.WidgetHost
10월 14, 2022 17:33:54.934 [2648:12748:1014/173354.933:ERROR:interface_endpoint_client.cc(689)] Message 1 rejected by interface blink.mojom.WidgetHost
10월 14, 2022 17:34:15.577 [2648:12748:1014/173415.577:ERROR:interface_endpoint_client.cc(689)] Message 1 rejected by interface blink.mojom.WidgetHost
10월 14, 2022 17:34:38.179 [2648:12748:1014/173438.179:ERROR:interface_endpoint_client.cc(689)] Message 1 rejected by interface blink.mojom.WidgetHost
10월 14, 2022 17:35:44.467 [2648:12748:1014/173544.467:ERROR:interface_endpoint_client.cc(689)] Message 1 rejected by interface blink.mojom.WidgetHost
10월 14, 2022 17:35:44.520 [2648:12748:1014/173544.520:ERROR:interface_endpoint_client.cc(689)] Message 0 rejected by interface blink.mojom.WidgetHost
10월 14, 2022 17:37:19.620 [2648:12748:1014/173719.620:ERROR:interface_endpoint_client.cc(689)] Message 1 rejected by interface blink.mojom.WidgetHost

10월 18, 2022 15:26:05.713 NEW SESSION
10월 18, 2022 15:26:05.713 [5072:11428:1018/152605.712:ERROR:device_event_log_impl.cc(214)] [15:26:05.712] Bluetooth: bluetooth_adapter_winrt.cc:1074 Getting Default Adapter failed.

10월 18, 2022 15:29:47.791 NEW SESSION
10월 18, 2022 15:29:47.791 [7360:10484:1018/152947.791:ERROR:device_event_log_impl.cc(214)] [15:29:47.790] Bluetooth: bluetooth_adapter_winrt.cc:1074 Getting Default Adapter failed.
10월 18, 2022 15:30:54.805 [3528:5976:1018/153054.805:ERROR:device_event_log_impl.cc(214)] [15:30:54.805] Bluetooth: bluetooth_adapter_winrt.cc:1074 Getting Default Adapter failed.
10월 18, 2022 15:31:34.779 [4864:10496:1018/153134.779:ERROR:device_event_log_impl.cc(214)] [15:31:34.778] Bluetooth: bluetooth_adapter_winrt.cc:1074 Getting Default Adapter failed.
10월 18, 2022 15:33:10.130 [3740:10072:1018/153310.129:ERROR:device_event_log_impl.cc(214)] [15:33:10.129] Bluetooth: bluetooth_adapter_winrt.cc:1074 Getting Default Adapter failed.

10월 18, 2022 15:36:56.341 NEW SESSION
10월 18, 2022 15:36:56.341 [13192:4536:1018/153656.340:ERROR:device_event_log_impl.cc(214)] [15:36:56.340] Bluetooth: bluetooth_adapter_winrt.cc:1074 Getting Default Adapter failed.
10월 18, 2022 15:42:44.287 [10184:3140:1018/154244.287:ERROR:device_event_log_impl.cc(214)] [15:42:44.287] Bluetooth: bluetooth_adapter_winrt.cc:1074 Getting Default Adapter failed.
10월 18, 2022 15:52:39.486 [11556:10848:1018/155239.486:ERROR:device_event_log_impl.cc(214)] [15:52:39.485] Bluetooth: bluetooth_adapter_winrt.cc:1074 Getting Default Adapter failed.
10월 18, 2022 15:53:14.457 [13400:6204:1018/155314.457:ERROR:device_event_log_impl.cc(214)] [15:53:14.458] Bluetooth: bluetooth_adapter_winrt.cc:1074 Getting Default Adapter failed.
10월 18, 2022 15:53:37.875 [1520:3448:1018/155337.874:ERROR:device_event_log_impl.cc(214)] [15:53:37.874] Bluetooth: bluetooth_adapter_winrt.cc:1074 Getting Default Adapter failed.
10월 18, 2022 15:59:08.885 [11956:7116:1018/155908.885:ERROR:device_event_log_impl.cc(214)] [15:59:08.885] Bluetooth: bluetooth_adapter_winrt.cc:1074 Getting Default Adapter failed.
10월 18, 2022 16:18:58.48 [6668:10248:1018/161858.048:ERROR:device_event_log_impl.cc(214)] [16:18:58.049] Bluetooth: bluetooth_adapter_winrt.cc:1074 Getting Default Adapter failed.
10월 18, 2022 16:22:10.888 [6204:2516:1018/162210.888:ERROR:device_event_log_impl.cc(214)] [16:22:10.888] Bluetooth: bluetooth_adapter_winrt.cc:1074 Getting Default Adapter failed.
10월 18, 2022 16:27:25.323 [13320:12264:1018/162725.323:ERROR:device_event_log_impl.cc(214)] [16:27:25.324] Bluetooth: bluetooth_adapter_winrt.cc:1074 Getting Default Adapter failed.
10월 18, 2022 16:36:14.806 [13320:12264:1018/163614.806:ERROR:device_event_log_impl.cc(214)] [16:36:14.806] USB: usb_device_handle_win.cc:1048 Failed to read descriptor from node connection: 없는 장치를 지정했습니다. (0x1B1)
10월 18, 2022 16:36:14.806 [13320:12264:1018/163614.806:ERROR:usb_descriptors.cc(141)] Failed to read length for configuration 0.
10월 18, 2022 16:36:14.807 [13320:12264:1018/163614.806:ERROR:usb_descriptors.cc(141)] Failed to read length for configuration 1.
10월 18, 2022 16:36:14.807 [13320:12264:1018/163614.806:ERROR:usb_descriptors.cc(100)] Failed to read all configuration descriptors. Expected 2, got 0.
10월 18, 2022 16:36:14.807 [13320:12264:1018/163614.806:ERROR:device_event_log_impl.cc(214)] [16:36:14.806] USB: usb_device_win.cc:96 Failed to read descriptors from \\?\usb#vid_1004&pid_633e#lmv409nca2c61e0#{a5dcbf10-6530-11d2-901f-00c04fb951ed}.
10월 18, 2022 16:41:05.27 [13320:12264:1018/164105.027:ERROR:usb_descriptors.cc(161)] Device descriptor parsing error.
10월 18, 2022 16:41:05.27 [13320:12264:1018/164105.027:ERROR:device_event_log_impl.cc(214)] [16:41:05.027] USB: usb_device_win.cc:96 Failed to read descriptors from \\?\usb#vid_1004&pid_633e#lmv409nca2c61e0#{a5dcbf10-6530-11d2-901f-00c04fb951ed}.
10월 18, 2022 16:41:10.329 [13320:12264:1018/164110.328:ERROR:usb_descriptors.cc(161)] Device descriptor parsing error.
10월 18, 2022 16:41:10.329 [13320:12264:1018/164110.328:ERROR:device_event_log_impl.cc(214)] [16:41:10.329] USB: usb_device_win.cc:96 Failed to read descriptors from \\?\usb#vid_1004&pid_633e#lmv409nca2c61e0#{a5dcbf10-6530-11d2-901f-00c04fb951ed}.

10월 18, 2022 17:25:40.927 NEW SESSION
10월 18, 2022 17:25:40.927 [4632:5332:1018/172540.926:ERROR:device_event_log_impl.cc(214)] [17:25:40.926] Bluetooth: bluetooth_adapter_winrt.cc:1074 Getting Default Adapter failed.
10월 18, 2022 17:26:54.980 [8680:7164:1018/172654.980:ERROR:device_event_log_impl.cc(214)] [17:26:54.981] Bluetooth: bluetooth_adapter_winrt.cc:1074 Getting Default Adapter failed.

10월 18, 2022 17:39:43.81 NEW SESSION
10월 18, 2022 17:39:43.81 [7704:11140:1018/173943.079:ERROR:device_event_log_impl.cc(214)] [17:39:43.080] Bluetooth: bluetooth_adapter_winrt.cc:1074 Getting Default Adapter failed.
10월 18, 2022 17:49:09.836 [7704:11140:1018/174909.836:ERROR:usb_descriptors.cc(161)] Device descriptor parsing error.
10월 18, 2022 17:49:09.837 [7704:11140:1018/174909.836:ERROR:device_event_log_impl.cc(214)] [17:49:09.836] USB: usb_device_win.cc:96 Failed to read descriptors from \\?\usb#vid_1004&pid_633e#lmv409nca2c61e0#{a5dcbf10-6530-11d2-901f-00c04fb951ed}.
10월 18, 2022 17:49:12.341 [7704:11140:1018/174912.341:ERROR:usb_descriptors.cc(161)] Device descriptor parsing error.
10월 18, 2022 17:49:12.342 [7704:11140:1018/174912.341:ERROR:device_event_log_impl.cc(214)] [17:49:12.341] USB: usb_device_win.cc:96 Failed to read descriptors from \\?\usb#vid_1004&pid_633e#lmv409nca2c61e0#{a5dcbf10-6530-11d2-901f-00c04fb951ed}.
10월 18, 2022 17:49:13.913 [7704:11140:1018/174913.913:ERROR:usb_descriptors.cc(161)] Device descriptor parsing error.
10월 18, 2022 17:49:13.914 [7704:11140:1018/174913.913:ERROR:device_event_log_impl.cc(214)] [17:49:13.913] USB: usb_device_win.cc:96 Failed to read descriptors from \\?\usb#vid_1004&pid_633e#lmv409nca2c61e0#{a5dcbf10-6530-11d2-901f-00c04fb951ed}.
10월 18, 2022 17:49:14.667 [7704:11140:1018/174914.667:ERROR:usb_descriptors.cc(161)] Device descriptor parsing error.
10월 18, 2022 17:49:26.386 [7704:11140:1018/174926.386:ERROR:usb_descriptors.cc(161)] Device descriptor parsing error.
10월 18, 2022 17:49:26.386 [7704:11140:1018/174926.386:ERROR:device_event_log_impl.cc(214)] [17:49:26.387] USB: usb_device_win.cc:96 Failed to read descriptors from \\?\usb#vid_1004&pid_633e#lmv409nca2c61e0#{a5dcbf10-6530-11d2-901f-00c04fb951ed}.
10월 18, 2022 17:49:37.132 [7704:11140:1018/174937.132:ERROR:usb_descriptors.cc(161)] Device descriptor parsing error.
10월 18, 2022 17:49:37.133 [7704:11140:1018/174937.132:ERROR:device_event_log_impl.cc(214)] [17:49:37.132] USB: usb_device_win.cc:96 Failed to read descriptors from \\?\usb#vid_1004&pid_633e#lmv409nca2c61e0#{a5dcbf10-6530-11d2-901f-00c04fb951ed}.

10월 19, 2022 09:40:09.931 NEW SESSION
10월 19, 2022 09:40:09.931 [4468:6152:1019/094009.930:ERROR:device_event_log_impl.cc(214)] [09:40:09.930] Bluetooth: bluetooth_adapter_winrt.cc:1074 Getting Default Adapter failed.

10월 19, 2022 11:23:58.162 NEW SESSION
10월 19, 2022 11:23:58.162 [4912:4760:1019/112358.161:ERROR:device_event_log_impl.cc(214)] [11:23:58.161] Bluetooth: bluetooth_adapter_winrt.cc:1074 Getting Default Adapter failed.
10월 19, 2022 11:30:36.652 [12268:8960:1019/113036.651:ERROR:device_event_log_impl.cc(214)] [11:30:36.650] Bluetooth: bluetooth_adapter_winrt.cc:1074 Getting Default Adapter failed.
10월 19, 2022 11:59:00.591 [4376:11472:1019/115900.590:ERROR:device_event_log_impl.cc(214)] [11:59:00.590] Bluetooth: bluetooth_adapter_winrt.cc:1074 Getting Default Adapter failed.

10월 19, 2022 12:24:03.167 NEW SESSION
10월 19, 2022 12:24:03.167 [9928:7044:1019/122403.166:ERROR:device_event_log_impl.cc(214)] [12:24:03.166] Bluetooth: bluetooth_adapter_winrt.cc:1074 Getting Default Adapter failed.
10월 19, 2022 12:29:25.455 [1304:7368:1019/122925.454:ERROR:device_event_log_impl.cc(214)] [12:29:25.454] Bluetooth: bluetooth_adapter_winrt.cc:1074 Getting Default Adapter failed.

10월 19, 2022 12:32:42.817 NEW SESSION
10월 19, 2022 12:32:42.817 [6000:6884:1019/123242.816:ERROR:device_event_log_impl.cc(214)] [12:32:42.816] Bluetooth: bluetooth_adapter_winrt.cc:1074 Getting Default Adapter failed.

10월 19, 2022 14:25:04.116 NEW SESSION
10월 19, 2022 14:25:04.116 [952:12760:1019/142504.115:ERROR:device_event_log_impl.cc(214)] [14:25:04.114] Bluetooth: bluetooth_adapter_winrt.cc:1074 Getting Default Adapter failed.
10월 19, 2022 14:47:42.533 [952:12760:1019/144742.533:ERROR:usb_descriptors.cc(161)] Device descriptor parsing error.
10월 19, 2022 14:47:42.533 [952:12760:1019/144742.533:ERROR:device_event_log_impl.cc(214)] [14:47:42.533] USB: usb_device_win.cc:96 Failed to read descriptors from \\?\usb#vid_1004&pid_633e#lmv409nca2c61e0#{a5dcbf10-6530-11d2-901f-00c04fb951ed}.
10월 19, 2022 15:50:14.863 [13748:8684:1019/155014.863:ERROR:device_event_log_impl.cc(214)] [15:50:14.862] Bluetooth: bluetooth_adapter_winrt.cc:1074 Getting Default Adapter failed.
10월 19, 2022 15:51:21.736 [3052:15268:1019/155121.736:ERROR:device_event_log_impl.cc(214)] [15:51:21.736] Bluetooth: bluetooth_adapter_winrt.cc:1074 Getting Default Adapter failed.
10월 19, 2022 15:59:34.995 [15236:10776:1019/155934.995:ERROR:device_event_log_impl.cc(214)] [15:59:34.994] Bluetooth: bluetooth_adapter_winrt.cc:1074 Getting Default Adapter failed.
10월 19, 2022 16:22:09.918 [4760:13928:1019/162209.917:ERROR:device_event_log_impl.cc(214)] [16:22:09.918] Bluetooth: bluetooth_adapter_winrt.cc:1074 Getting Default Adapter failed.
10월 19, 2022 16:48:35.157 [12844:12740:1019/164835.157:ERROR:device_event_log_impl.cc(214)] [16:48:35.156] Bluetooth: bluetooth_adapter_winrt.cc:1074 Getting Default Adapter failed.
10월 19, 2022 16:56:54.897 [4476:11476:1019/165654.897:ERROR:device_event_log_impl.cc(214)] [16:56:54.897] Bluetooth: bluetooth_adapter_winrt.cc:1074 Getting Default Adapter failed.
10월 19, 2022 17:13:08.334 [1748:13436:1019/171308.334:ERROR:device_event_log_impl.cc(214)] [17:13:08.334] Bluetooth: bluetooth_adapter_winrt.cc:1074 Getting Default Adapter failed.
10월 19, 2022 17:45:31.888 [4140:7668:1019/174531.887:ERROR:device_event_log_impl.cc(214)] [17:45:31.887] Bluetooth: bluetooth_adapter_winrt.cc:1074 Getting Default Adapter failed.

10월 20, 2022 09:37:38.967 NEW SESSION
10월 20, 2022 09:37:38.967 [4444:4396:1020/093738.966:ERROR:device_event_log_impl.cc(214)] [09:37:38.966] Bluetooth: bluetooth_adapter_winrt.cc:1074 Getting Default Adapter failed.
10월 20, 2022 09:55:56.90 [4444:4396:1020/095556.090:ERROR:usb_descriptors.cc(161)] Device descriptor parsing error.
10월 20, 2022 09:55:56.91 [4444:4396:1020/095556.090:ERROR:device_event_log_impl.cc(214)] [09:55:56.090] USB: usb_device_win.cc:96 Failed to read descriptors from \\?\usb#vid_1004&pid_633e#lmv409nca2c61e0#{a5dcbf10-6530-11d2-901f-00c04fb951ed}.
10월 20, 2022 09:57:04.509 [8748:12888:1020/095704.509:ERROR:device_event_log_impl.cc(214)] [09:57:04.508] Bluetooth: bluetooth_adapter_winrt.cc:1074 Getting Default Adapter failed.
10월 20, 2022 10:10:28.129 [9460:8688:1020/101028.129:ERROR:device_event_log_impl.cc(214)] [10:10:28.128] Bluetooth: bluetooth_adapter_winrt.cc:1074 Getting Default Adapter failed.
10월 20, 2022 10:35:44.240 [2768:12516:1020/103544.240:ERROR:device_event_log_impl.cc(214)] [10:35:44.239] Bluetooth: bluetooth_adapter_winrt.cc:1074 Getting Default Adapter failed.
10월 20, 2022 10:45:24.309 [744:7040:1020/104524.309:ERROR:device_event_log_impl.cc(214)] [10:45:24.310] Bluetooth: bluetooth_adapter_winrt.cc:1074 Getting Default Adapter failed.
10월 20, 2022 10:47:22.713 [9156:8480:1020/104722.713:ERROR:device_event_log_impl.cc(214)] [10:47:22.713] Bluetooth: bluetooth_adapter_winrt.cc:1074 Getting Default Adapter failed.
10월 20, 2022 10:49:19.893 [10848:4508:1020/104919.893:ERROR:device_event_log_impl.cc(214)] [10:49:19.894] Bluetooth: bluetooth_adapter_winrt.cc:1074 Getting Default Adapter failed.

10월 20, 2022 10:52:28.503 NEW SESSION
10월 20, 2022 10:52:28.503 [6304:10252:1020/105228.502:ERROR:device_event_log_impl.cc(214)] [10:52:28.502] Bluetooth: bluetooth_adapter_winrt.cc:1074 Getting Default Adapter failed.
10월 20, 2022 11:09:30.616 [1276:6776:1020/110930.616:ERROR:device_event_log_impl.cc(214)] [11:09:30.616] Bluetooth: bluetooth_adapter_winrt.cc:1074 Getting Default Adapter failed.
10월 20, 2022 11:10:09.936 [5628:8460:1020/111009.935:ERROR:device_event_log_impl.cc(214)] [11:10:09.935] Bluetooth: bluetooth_adapter_winrt.cc:1074 Getting Default Adapter failed.
10월 20, 2022 11:45:16.251 [12860:4284:1020/114516.250:ERROR:device_event_log_impl.cc(214)] [11:45:16.250] Bluetooth: bluetooth_adapter_winrt.cc:1074 Getting Default Adapter failed.
10월 20, 2022 11:46:24.248 [4652:9892:1020/114624.248:ERROR:device_event_log_impl.cc(214)] [11:46:24.247] Bluetooth: bluetooth_adapter_winrt.cc:1074 Getting Default Adapter failed.

10월 20, 2022 12:06:07.512 NEW SESSION
10월 20, 2022 12:06:07.512 [13124:11564:1020/120607.511:ERROR:device_event_log_impl.cc(214)] [12:06:07.511] Bluetooth: bluetooth_adapter_winrt.cc:1074 Getting Default Adapter failed.

10월 20, 2022 12:10:40.494 NEW SESSION
10월 20, 2022 12:10:40.494 [7568:1272:1020/121040.493:ERROR:device_event_log_impl.cc(214)] [12:10:40.494] Bluetooth: bluetooth_adapter_winrt.cc:1074 Getting Default Adapter failed.
10월 20, 2022 12:15:12.819 [7444:11588:1020/121512.819:ERROR:device_event_log_impl.cc(214)] [12:15:12.820] Bluetooth: bluetooth_adapter_winrt.cc:1074 Getting Default Adapter failed.

10월 20, 2022 12:24:40.268 NEW SESSION
10월 20, 2022 12:24:40.268 [9708:10752:1020/122440.267:ERROR:device_event_log_impl.cc(214)] [12:24:40.268] Bluetooth: bluetooth_adapter_winrt.cc:1074 Getting Default Adapter failed.
10월 20, 2022 12:28:02.604 [9708:10752:1020/122802.604:ERROR:usb_descriptors.cc(161)] Device descriptor parsing error.
10월 20, 2022 12:28:02.604 [9708:10752:1020/122802.604:ERROR:device_event_log_impl.cc(214)] [12:28:02.603] USB: usb_device_win.cc:96 Failed to read descriptors from \\?\usb#vid_1004&pid_633e#lmv409nca2c61e0#{a5dcbf10-6530-11d2-901f-00c04fb951ed}.
10월 20, 2022 12:31:47.571 [11304:2108:1020/123147.571:ERROR:device_event_log_impl.cc(214)] [12:31:47.571] Bluetooth: bluetooth_adapter_winrt.cc:1074 Getting Default Adapter failed.
10월 20, 2022 13:09:06.738 [11304:2108:1020/130906.737:ERROR:usb_descriptors.cc(161)] Device descriptor parsing error.
10월 20, 2022 13:09:06.738 [11304:2108:1020/130906.737:ERROR:device_event_log_impl.cc(214)] [13:09:06.737] USB: usb_device_win.cc:96 Failed to read descriptors from \\?\usb#vid_1004&pid_633e#lmv409nca2c61e0#{a5dcbf10-6530-11d2-901f-00c04fb951ed}.
10월 20, 2022 14:24:02.601 [11304:9596:1020/142402.601:ERROR:cert_verify_proc_builtin.cc(670)] CertVerifyProcBuiltin for tobetong.com failed:
10월 20, 2022 14:24:02.601 ----- Certificate i=0 (O=My Company Ltd,L=Newbury,ST=Berkshire,C=GB) -----
10월 20, 2022 14:24:02.602 ERROR: No matching issuer found
10월 20, 2022 14:24:02.602 
10월 20, 2022 14:24:02.602 
10월 20, 2022 14:43:15.67 [11304:2108:1020/144315.066:ERROR:usb_descriptors.cc(161)] Device descriptor parsing error.
10월 20, 2022 14:43:15.67 [11304:2108:1020/144315.066:ERROR:device_event_log_impl.cc(214)] [14:43:15.066] USB: usb_device_win.cc:96 Failed to read descriptors from \\?\usb#vid_1004&pid_633e#lmv409nca2c61e0#{a5dcbf10-6530-11d2-901f-00c04fb951ed}.
10월 20, 2022 15:30:43.493 [11304:2108:1020/153043.493:ERROR:device_event_log_impl.cc(214)] [15:30:43.493] USB: usb_service_win.cc:104 SetupDiGetDeviceProperty({{A45C254E-DF1C-4EFD-8020-67D146A850E0}, 6}) failed: 요소가 없습니다. (0x490)

10월 21, 2022 09:36:16.26 NEW SESSION
10월 21, 2022 09:36:16.26 [2528:2620:1021/093616.024:ERROR:device_event_log_impl.cc(214)] [09:36:16.023] Bluetooth: bluetooth_adapter_winrt.cc:1074 Getting Default Adapter failed.
10월 21, 2022 09:48:40.455 [2528:2620:1021/094840.455:ERROR:usb_descriptors.cc(161)] Device descriptor parsing error.
10월 21, 2022 09:48:40.455 [2528:2620:1021/094840.455:ERROR:device_event_log_impl.cc(214)] [09:48:40.455] USB: usb_device_win.cc:96 Failed to read descriptors from \\?\usb#vid_1004&pid_633e#lmv409nca2c61e0#{a5dcbf10-6530-11d2-901f-00c04fb951ed}.

10월 21, 2022 10:42:01.709 NEW SESSION
10월 21, 2022 10:42:01.709 [12336:13048:1021/104201.708:ERROR:device_event_log_impl.cc(214)] [10:42:01.707] Bluetooth: bluetooth_adapter_winrt.cc:1074 Getting Default Adapter failed.

10월 21, 2022 10:50:05.179 NEW SESSION
10월 21, 2022 10:50:05.179 [10596:11156:1021/105005.177:ERROR:device_event_log_impl.cc(214)] [10:50:05.177] Bluetooth: bluetooth_adapter_winrt.cc:1074 Getting Default Adapter failed.
10월 21, 2022 10:50:12.332 [10596:11156:1021/105012.331:ERROR:device_event_log_impl.cc(214)] [10:50:12.332] USB: usb_service_win.cc:104 SetupDiGetDeviceProperty({{A45C254E-DF1C-4EFD-8020-67D146A850E0}, 6}) failed: 요소가 없습니다. (0x490)
10월 21, 2022 10:50:34.445 [12968:12972:1021/105034.444:ERROR:device_event_log_impl.cc(214)] [10:50:34.445] Bluetooth: bluetooth_adapter_winrt.cc:1074 Getting Default Adapter failed.

10월 21, 2022 11:44:31.412 NEW SESSION
10월 21, 2022 11:44:31.412 [7536:3172:1021/114431.411:ERROR:device_event_log_impl.cc(214)] [11:44:31.411] Bluetooth: bluetooth_adapter_winrt.cc:1074 Getting Default Adapter failed.
10월 21, 2022 11:45:04.537 [8520:10540:1021/114504.537:ERROR:device_event_log_impl.cc(214)] [11:45:04.537] Bluetooth: bluetooth_adapter_winrt.cc:1074 Getting Default Adapter failed.
10월 21, 2022 11:46:24.189 [9932:7552:1021/114624.189:ERROR:device_event_log_impl.cc(214)] [11:46:24.189] Bluetooth: bluetooth_adapter_winrt.cc:1074 Getting Default Adapter failed.

10월 24, 2022 09:45:27.364 NEW SESSION
10월 24, 2022 09:45:27.364 [8616:7620:1024/094527.362:ERROR:device_event_log_impl.cc(214)] [09:45:27.361] Bluetooth: bluetooth_adapter_winrt.cc:1074 Getting Default Adapter failed.
10월 24, 2022 10:48:42.960 [3432:8128:1024/104842.959:ERROR:device_event_log_impl.cc(214)] [10:48:42.959] Bluetooth: bluetooth_adapter_winrt.cc:1074 Getting Default Adapter failed.
10월 24, 2022 10:51:55.128 [1404:12944:1024/105155.128:ERROR:device_event_log_impl.cc(214)] [10:51:55.128] Bluetooth: bluetooth_adapter_winrt.cc:1074 Getting Default Adapter failed.
10월 24, 2022 10:56:45.767 [4988:12076:1024/105645.767:ERROR:device_event_log_impl.cc(214)] [10:56:45.766] Bluetooth: bluetooth_adapter_winrt.cc:1074 Getting Default Adapter failed.

10월 24, 2022 10:58:42.723 NEW SESSION
10월 24, 2022 10:58:42.723 [11040:12524:1024/105842.722:ERROR:device_event_log_impl.cc(214)] [10:58:42.722] Bluetooth: bluetooth_adapter_winrt.cc:1074 Getting Default Adapter failed.
10월 24, 2022 12:47:46.538 [5956:7868:1024/124746.538:ERROR:device_event_log_impl.cc(214)] [12:47:46.538] Bluetooth: bluetooth_adapter_winrt.cc:1074 Getting Default Adapter failed.

10월 24, 2022 14:47:28.903 NEW SESSION
10월 24, 2022 14:47:28.903 [2884:6644:1024/144728.902:ERROR:device_event_log_impl.cc(214)] [14:47:28.903] Bluetooth: bluetooth_adapter_winrt.cc:1074 Getting Default Adapter failed.
10월 24, 2022 17:18:58.941 [13100:1848:1024/171858.941:ERROR:device_event_log_impl.cc(214)] [17:18:58.940] Bluetooth: bluetooth_adapter_winrt.cc:1074 Getting Default Adapter failed.
10월 24, 2022 18:00:29.920 [13100:1848:1024/180029.919:ERROR:interface_endpoint_client.cc(689)] Message 5 rejected by interface blink.mojom.WidgetHost
10월 24, 2022 18:01:55.297 [13100:1848:1024/180155.297:ERROR:device_event_log_impl.cc(214)] [18:01:55.296] USB: usb_service_win.cc:104 SetupDiGetDeviceProperty({{A45C254E-DF1C-4EFD-8020-67D146A850E0}, 6}) failed: 요소가 없습니다. (0x490)
10월 24, 2022 18:01:55.307 [13100:1848:1024/180155.307:ERROR:device_event_log_impl.cc(214)] [18:01:55.306] USB: usb_service_win.cc:307 SetupDiEnumDeviceInterfaces: 사용 가능한 데이터가 없습니다. (0x103)

10월 25, 2022 10:02:15.885 NEW SESSION
10월 25, 2022 10:02:15.885 [9696:7624:1025/100215.884:ERROR:device_event_log_impl.cc(214)] [10:02:15.883] Bluetooth: bluetooth_adapter_winrt.cc:1074 Getting Default Adapter failed.
10월 25, 2022 10:07:25.955 [9532:7768:1025/100725.955:ERROR:device_event_log_impl.cc(214)] [10:07:25.955] Bluetooth: bluetooth_adapter_winrt.cc:1074 Getting Default Adapter failed.

10월 25, 2022 10:21:42.664 NEW SESSION
10월 25, 2022 10:21:42.664 [4936:8092:1025/102142.663:ERROR:device_event_log_impl.cc(214)] [10:21:42.663] Bluetooth: bluetooth_adapter_winrt.cc:1074 Getting Default Adapter failed.
